<?xml version="1.0" encoding="UTF-8"?>
<!-- Generated by org.testng.reporters.JUnitReportReporter -->
<testsuite skipped="0" hostname="DESKTOP-RBRG9IH" name="wizeline.ProductsValidation" tests="1" failures="0" timestamp="2020-03-15T10:36:39 CST" time="1.006" errors="0">
  <testcase name="CartPageValidation" time="1.006" classname="wizeline.ProductsValidation"/>
  <system-out/>
</testsuite> <!-- wizeline.ProductsValidation -->
